TN:
SF:src/app/api/admin/account/route.ts
FN:9,PATCH
FN:13,(anonymous_1)
FNF:2
FNH:1
FNDA:5,PATCH
FNDA:0,(anonymous_1)
DA:7,1
DA:10,5
DA:11,5
DA:13,3
DA:14,3
DA:15,3
DA:17,2
DA:25,2
LF:8
LH:8
BRDA:11,0,0,2
BRDA:11,0,1,3
BRDA:15,1,0,1
BRDA:15,1,1,2
BRDA:20,2,0,1
BRDA:20,2,1,1
BRDA:21,3,0,1
BRDA:21,3,1,1
BRF:8
BRH:8
end_of_record
TN:
SF:src/app/api/admin/security-events/route.ts
FN:7,GET
FN:18,(anonymous_1)
FNF:2
FNH:2
FNDA:2,GET
FNDA:1,(anonymous_1)
DA:5,1
DA:8,2
DA:9,2
DA:11,1
DA:17,1
DA:18,1
LF:6
LH:6
BRDA:9,0,0,1
BRDA:9,0,1,1
BRF:2
BRH:2
end_of_record
TN:
SF:src/app/api/admin/settings/route.ts
FN:17,GET
FN:30,PATCH
FN:34,(anonymous_2)
FNF:3
FNH:2
FNDA:3,GET
FNDA:5,PATCH
FNDA:0,(anonymous_2)
DA:8,1
DA:10,1
DA:18,3
DA:19,3
DA:21,2
DA:22,2
DA:24,2
DA:31,5
DA:32,5
DA:34,3
DA:35,3
DA:36,3
DA:38,2
DA:39,2
DA:41,2
DA:42,2
DA:43,2
DA:52,2
DA:60,2
LF:19
LH:19
BRDA:19,0,0,1
BRDA:19,0,1,2
BRDA:22,1,0,0
BRDA:22,1,1,2
BRDA:32,2,0,2
BRDA:32,2,1,3
BRDA:36,3,0,1
BRDA:36,3,1,2
BRDA:39,4,0,0
BRDA:39,4,1,2
BRDA:48,5,0,2
BRDA:48,5,1,1
BRDA:56,6,0,1
BRDA:56,6,1,1
BRF:14
BRH:12
end_of_record
TN:
SF:src/app/api/auth/change-email/route.ts
FN:16,POST
FN:20,(anonymous_1)
FNF:2
FNH:1
FNDA:7,POST
FNDA:0,(anonymous_1)
DA:14,1
DA:17,7
DA:18,7
DA:20,5
DA:21,5
DA:22,5
DA:24,4
DA:25,4
DA:27,4
DA:28,4
DA:29,1
DA:34,3
DA:35,1
DA:40,2
DA:41,2
DA:42,1
DA:47,1
DA:48,1
DA:58,1
DA:66,1
DA:67,1
DA:77,1
LF:22
LH:22
BRDA:18,0,0,2
BRDA:18,0,1,5
BRDA:22,1,0,1
BRDA:22,1,1,4
BRDA:25,2,0,0
BRDA:25,2,1,4
BRDA:28,3,0,1
BRDA:28,3,1,3
BRDA:34,4,0,1
BRDA:34,4,1,2
BRDA:41,5,0,1
BRDA:41,5,1,1
BRDA:66,6,0,1
BRDA:66,6,1,1
BRF:14
BRH:13
end_of_record
TN:
SF:src/app/api/auth/change-password/route.ts
FN:15,POST
FN:19,(anonymous_1)
FNF:2
FNH:1
FNDA:5,POST
FNDA:0,(anonymous_1)
DA:13,1
DA:16,5
DA:17,5
DA:19,3
DA:20,3
DA:21,3
DA:23,2
DA:24,2
DA:26,2
DA:27,2
DA:28,1
DA:33,1
DA:34,1
DA:39,1
DA:41,1
DA:42,1
DA:50,1
DA:56,1
LF:18
LH:18
BRDA:17,0,0,2
BRDA:17,0,1,3
BRDA:21,1,0,1
BRDA:21,1,1,2
BRDA:24,2,0,0
BRDA:24,2,1,2
BRDA:27,3,0,1
BRDA:27,3,1,1
BRDA:41,4,0,1
BRDA:41,4,1,1
BRF:10
BRH:9
end_of_record
TN:
SF:src/app/api/auth/forgot-password/route.ts
FN:15,genericResponse
FN:22,POST
FN:23,(anonymous_2)
FNF:3
FNH:2
FNDA:8,genericResponse
FNDA:9,POST
FNDA:0,(anonymous_2)
DA:13,1
DA:16,8
DA:23,9
DA:24,9
DA:25,9
DA:27,8
DA:28,8
DA:29,8
DA:32,8
DA:34,7
DA:36,7
DA:37,1
DA:38,1
DA:46,1
DA:53,1
DA:54,1
DA:63,7
LF:17
LH:17
BRDA:25,0,0,1
BRDA:25,0,1,8
BRDA:27,1,0,8
BRDA:27,1,1,0
BRDA:32,2,0,1
BRDA:32,2,1,7
BRDA:32,3,0,8
BRDA:32,3,1,8
BRDA:36,4,0,1
BRDA:36,4,1,6
BRDA:36,5,0,7
BRDA:36,5,1,3
BRDA:53,6,0,1
BRDA:53,6,1,1
BRF:14
BRH:13
end_of_record
TN:
SF:src/app/api/auth/me/route.ts
FN:7,GET
FNF:1
FNH:1
FNDA:2,GET
DA:5,1
DA:8,2
DA:9,2
DA:11,1
DA:12,1
DA:14,1
LF:6
LH:6
BRDA:9,0,0,1
BRDA:9,0,1,1
BRDA:12,1,0,0
BRDA:12,1,1,1
BRF:4
BRH:3
end_of_record
TN:
SF:src/app/api/auth/refresh/route.ts
FN:16,POST
FNF:1
FNH:1
FNDA:5,POST
DA:8,1
DA:17,5
DA:18,1
DA:21,4
DA:22,4
DA:23,1
DA:26,3
DA:27,3
DA:28,1
DA:29,1
DA:30,1
DA:33,2
DA:34,2
DA:35,1
DA:36,1
DA:37,1
DA:40,1
DA:41,1
DA:42,1
DA:43,1
LF:20
LH:20
BRDA:17,0,0,1
BRDA:17,0,1,4
BRDA:22,1,0,1
BRDA:22,1,1,3
BRDA:27,2,0,1
BRDA:27,2,1,2
BRDA:34,3,0,1
BRDA:34,3,1,1
BRF:8
BRH:8
end_of_record
TN:
SF:src/app/api/auth/reset-password/route.ts
FN:16,POST
FN:17,(anonymous_1)
FNF:2
FNH:1
FNDA:5,POST
FNDA:0,(anonymous_1)
DA:14,1
DA:17,5
DA:18,5
DA:19,5
DA:21,4
DA:22,4
DA:24,4
DA:25,3
DA:28,1
DA:29,1
DA:30,0
DA:33,1
DA:34,1
DA:36,1
DA:43,1
DA:45,1
DA:52,1
DA:58,1
LF:18
LH:17
BRDA:19,0,0,1
BRDA:19,0,1,4
BRDA:24,1,0,3
BRDA:24,1,1,1
BRDA:24,2,0,4
BRDA:24,2,1,3
BRDA:24,2,2,2
BRDA:29,3,0,0
BRDA:29,3,1,1
BRDA:34,4,0,1
BRDA:34,4,1,1
BRF:11
BRH:10
end_of_record
TN:
SF:src/app/api/auth/sessions/route.ts
FN:7,GET
FN:17,(anonymous_1)
FNF:2
FNH:2
FNDA:2,GET
FNDA:2,(anonymous_1)
DA:5,1
DA:8,2
DA:9,2
DA:11,1
DA:16,1
DA:17,2
LF:6
LH:6
BRDA:9,0,0,1
BRDA:9,0,1,1
BRF:2
BRH:2
end_of_record
TN:
SF:src/app/api/auth/sessions/[sessionId]/route.ts
FN:12,DELETE
FNF:1
FNH:1
FNDA:4,DELETE
DA:10,1
DA:13,4
DA:14,4
DA:16,3
DA:17,3
DA:18,3
DA:19,1
DA:22,2
DA:23,2
DA:31,2
DA:33,2
DA:34,2
LF:12
LH:12
BRDA:14,0,0,1
BRDA:14,0,1,3
BRDA:18,1,0,1
BRDA:18,1,1,2
BRDA:18,2,0,3
BRDA:18,2,1,3
BRDA:33,3,0,1
BRDA:33,3,1,1
BRF:8
BRH:8
end_of_record
TN:
SF:src/app/api/auth/sessions/revoke-others/route.ts
FN:12,POST
FNF:1
FNH:1
FNDA:3,POST
DA:10,1
DA:13,3
DA:14,3
DA:16,1
DA:17,1
DA:26,1
DA:27,1
DA:28,1
DA:41,1
LF:9
LH:9
BRDA:14,0,0,2
BRDA:14,0,1,1
BRDA:27,1,0,1
BRDA:27,1,1,0
BRDA:35,2,0,1
BRDA:35,2,1,1
BRF:6
BRH:5
end_of_record
TN:
SF:src/app/api/auth/sign-in/route.ts
FN:20,POST
FN:22,(anonymous_1)
FNF:2
FNH:1
FNDA:13,POST
FNDA:0,(anonymous_1)
DA:15,1
DA:17,1
DA:18,1
DA:21,13
DA:22,13
DA:23,13
DA:24,13
DA:26,12
DA:28,12
DA:29,12
DA:30,12
DA:31,1
DA:32,1
DA:40,11
DA:42,11
DA:43,6
DA:46,5
DA:47,1
DA:49,4
DA:50,1
DA:53,3
DA:54,3
DA:55,1
DA:61,1
DA:64,2
DA:65,2
DA:69,2
DA:71,2
DA:72,2
DA:80,2
DA:81,1
DA:95,2
DA:99,2
DA:100,2
DA:101,2
DA:102,2
LF:36
LH:36
BRDA:21,0,0,13
BRDA:21,0,1,0
BRDA:24,1,0,1
BRDA:24,1,1,12
BRDA:30,2,0,1
BRDA:30,2,1,11
BRDA:30,3,0,12
BRDA:30,3,1,12
BRDA:42,4,0,6
BRDA:42,4,1,5
BRDA:46,5,0,1
BRDA:46,5,1,4
BRDA:49,6,0,1
BRDA:49,6,1,3
BRDA:54,7,0,1
BRDA:54,7,1,2
BRDA:65,8,0,2
BRDA:65,8,1,0
BRDA:80,9,0,1
BRDA:80,9,1,1
BRDA:90,10,0,1
BRDA:90,10,1,1
BRF:22
BRH:20
end_of_record
TN:
SF:src/app/api/auth/sign-out/route.ts
FN:17,POST
FNF:1
FNH:1
FNDA:4,POST
DA:9,1
DA:18,4
DA:19,1
DA:22,3
DA:24,3
DA:25,2
DA:26,2
DA:27,1
DA:28,1
DA:38,3
DA:39,3
DA:40,3
LF:12
LH:12
BRDA:18,0,0,1
BRDA:18,0,1,3
BRDA:24,1,0,2
BRDA:24,1,1,1
BRDA:26,2,0,1
BRDA:26,2,1,1
BRF:6
BRH:6
end_of_record
TN:
SF:src/app/api/auth/verify-email-change/route.ts
FN:14,POST
FN:15,(anonymous_1)
FNF:2
FNH:1
FNDA:6,POST
FNDA:0,(anonymous_1)
DA:12,1
DA:15,6
DA:16,6
DA:17,6
DA:19,5
DA:20,5
DA:22,5
DA:23,2
DA:25,3
DA:26,1
DA:29,2
DA:30,2
DA:31,1
DA:34,1
DA:35,1
DA:37,1
DA:47,1
DA:49,1
DA:57,1
DA:63,1
LF:20
LH:20
BRDA:17,0,0,1
BRDA:17,0,1,5
BRDA:22,1,0,2
BRDA:22,1,1,3
BRDA:22,2,0,5
BRDA:22,2,1,4
BRDA:25,3,0,1
BRDA:25,3,1,2
BRDA:30,4,0,1
BRDA:30,4,1,1
BRDA:35,5,0,0
BRDA:35,5,1,1
BRF:12
BRH:11
end_of_record
TN:
SF:src/app/api/chat/conversations/route.ts
FN:11,GET
FN:24,POST
FN:25,(anonymous_2)
FNF:3
FNH:3
FNDA:2,GET
FNDA:4,POST
FNDA:1,(anonymous_2)
DA:8,1
DA:12,2
DA:13,2
DA:15,1
DA:16,1
DA:17,1
DA:19,1
DA:20,1
DA:25,4
DA:26,4
DA:27,4
DA:29,2
DA:33,2
LF:13
LH:13
BRDA:13,0,0,1
BRDA:13,0,1,1
BRDA:17,1,0,1
BRDA:17,1,1,0
BRDA:19,2,0,1
BRDA:19,2,1,0
BRDA:27,3,0,2
BRDA:27,3,1,2
BRF:8
BRH:6
end_of_record
TN:
SF:src/app/api/chat/conversations/[id]/route.ts
FN:11,GET
FN:27,PATCH
FN:32,(anonymous_2)
FNF:3
FNH:2
FNDA:3,GET
FNDA:5,PATCH
FNDA:0,(anonymous_2)
DA:9,1
DA:12,3
DA:13,3
DA:15,2
DA:16,2
DA:17,2
DA:18,1
DA:21,1
DA:22,1
DA:24,1
DA:28,5
DA:29,5
DA:31,4
DA:32,4
DA:33,4
DA:34,4
DA:35,2
DA:38,2
DA:42,2
LF:19
LH:19
BRDA:13,0,0,1
BRDA:13,0,1,2
BRDA:17,1,0,1
BRDA:17,1,1,1
BRDA:29,2,0,1
BRDA:29,2,1,4
BRDA:34,3,0,2
BRDA:34,3,1,2
BRDA:34,4,0,4
BRDA:34,4,1,3
BRDA:34,4,2,2
BRDA:40,5,0,1
BRDA:40,5,1,1
BRF:13
BRH:13
end_of_record
TN:
SF:src/app/api/chat/messages/route.ts
FN:13,GET
FNF:1
FNH:1
FNDA:8,GET
DA:6,2
DA:14,8
DA:15,8
DA:16,8
DA:17,1
DA:20,7
DA:21,7
DA:23,7
DA:24,7
DA:25,4
DA:28,3
DA:29,3
LF:12
LH:12
BRDA:16,0,0,1
BRDA:16,0,1,7
BRDA:21,1,0,7
BRDA:21,1,1,2
BRDA:21,2,0,7
BRDA:21,2,1,2
BRDA:24,3,0,4
BRDA:24,3,1,3
BRF:8
BRH:8
end_of_record
TN:
SF:src/app/api/chat/presence/route.ts
FN:7,GET
FNF:1
FNH:1
FNDA:2,GET
DA:4,1
DA:8,2
DA:9,2
LF:3
LH:3
BRF:0
BRH:0
end_of_record
TN:
SF:src/app/api/chat/read/route.ts
FN:15,POST
FN:16,(anonymous_1)
FNF:2
FNH:1
FNDA:5,POST
FNDA:0,(anonymous_1)
DA:7,1
DA:9,1
DA:16,5
DA:17,5
DA:18,5
DA:19,1
DA:22,4
DA:23,2
DA:24,2
DA:25,2
DA:26,1
DA:29,2
DA:30,2
LF:13
LH:13
BRDA:18,0,0,1
BRDA:18,0,1,4
BRDA:22,1,0,2
BRDA:22,1,1,2
BRDA:24,2,0,1
BRDA:24,2,1,1
BRDA:25,3,0,1
BRDA:25,3,1,1
BRF:8
BRH:8
end_of_record
TN:
SF:src/app/api/chat/status/route.ts
FN:8,GET
FN:16,POST
FN:21,(anonymous_2)
FNF:3
FNH:3
FNDA:4,GET
FNDA:5,POST
FNDA:1,(anonymous_2)
DA:5,1
DA:9,4
DA:10,4
DA:12,3
DA:13,3
DA:17,5
DA:18,5
DA:19,4
DA:21,4
DA:22,4
DA:23,2
DA:25,2
DA:28,4
LF:13
LH:13
BRDA:10,0,0,1
BRDA:10,0,1,3
BRDA:18,1,0,1
BRDA:18,1,1,4
BRDA:22,2,0,2
BRDA:22,2,1,2
BRF:6
BRH:6
end_of_record
TN:
SF:src/app/api/chat/token/route.ts
FN:10,POST
FN:22,(anonymous_1)
FNF:2
FNH:1
FNDA:6,POST
FNDA:0,(anonymous_1)
DA:7,1
DA:11,6
DA:12,6
DA:13,1
DA:16,5
DA:17,5
DA:18,1
DA:19,1
DA:22,4
DA:29,4
DA:30,1
DA:33,3
DA:34,3
DA:35,2
DA:38,1
DA:39,1
DA:43,1
LF:17
LH:17
BRDA:12,0,0,1
BRDA:12,0,1,5
BRDA:17,1,0,1
BRDA:17,1,1,4
BRDA:29,2,0,1
BRDA:29,2,1,3
BRDA:34,3,0,2
BRDA:34,3,1,1
BRF:8
BRH:8
end_of_record
TN:
SF:src/components/admin/AdminShell.tsx
FN:41,initials
FN:47,roleLabel
FN:53,AdminShell
FN:76,(anonymous_3)
FN:141,(anonymous_4)
FNF:5
FNH:4
FNDA:4,initials
FNDA:8,roleLabel
FNDA:4,AdminShell
FNDA:16,(anonymous_3)
FNDA:0,(anonymous_4)
DA:34,1
DA:42,4
DA:43,4
DA:44,4
DA:48,8
DA:49,0
DA:50,0
DA:54,4
DA:55,4
DA:56,4
DA:58,4
DA:77,16
DA:78,16
DA:79,16
DA:80,16
DA:141,0
LF:16
LH:13
BRDA:43,0,0,0
BRDA:43,0,1,4
BRDA:44,1,0,4
BRDA:44,1,1,0
BRDA:48,2,0,8
BRDA:48,2,1,0
BRDA:49,3,0,0
BRDA:49,3,1,0
BRDA:78,4,0,16
BRDA:78,4,1,16
BRDA:104,5,0,4
BRDA:104,5,1,4
BRDA:143,6,0,0
BRDA:143,6,1,4
BRF:14
BRH:8
end_of_record
TN:
SF:src/components/admin/AdminUnauthorized.tsx
FN:19,AdminUnauthorized
FN:58,(anonymous_1)
FNF:2
FNH:2
FNDA:4,AdminUnauthorized
FNDA:1,(anonymous_1)
DA:10,1
DA:20,4
DA:21,4
DA:23,4
DA:27,4
DA:58,1
LF:6
LH:6
BRDA:47,0,0,2
BRDA:47,0,1,2
BRDA:61,1,0,1
BRDA:61,1,1,1
BRF:4
BRH:4
end_of_record
TN:
SF:src/components/admin/account/AccountView.tsx
FN:37,initials
FN:43,roleLabel
FN:49,formatDate
FN:54,AccountView
FN:62,handleSave
FN:75,(anonymous_5)
FN:107,(anonymous_6)
FN:116,(anonymous_7)
FN:121,(anonymous_8)
FNF:9
FNH:7
FNDA:18,initials
FNDA:18,roleLabel
FNDA:36,formatDate
FNDA:18,AccountView
FNDA:2,handleSave
FNDA:1,(anonymous_5)
FNDA:9,(anonymous_6)
FNDA:0,(anonymous_7)
FNDA:0,(anonymous_8)
DA:38,18
DA:39,18
DA:40,18
DA:44,18
DA:45,18
DA:46,18
DA:50,36
DA:51,36
DA:55,18
DA:56,18
DA:57,18
DA:58,18
DA:59,18
DA:60,18
DA:63,2
DA:64,2
DA:65,2
DA:70,2
DA:71,2
DA:72,1
DA:73,1
DA:75,1
DA:76,1
DA:77,1
DA:79,0
DA:81,2
DA:85,18
DA:107,9
DA:116,0
DA:121,0
LF:30
LH:27
BRDA:39,0,0,0
BRDA:39,0,1,18
BRDA:40,1,0,18
BRDA:40,1,1,0
BRDA:44,2,0,0
BRDA:44,2,1,18
BRDA:45,3,0,0
BRDA:45,3,1,18
BRDA:50,4,0,0
BRDA:50,4,1,36
BRDA:58,5,0,18
BRDA:58,5,1,18
BRDA:68,6,0,2
BRDA:68,6,1,2
BRDA:71,7,0,1
BRDA:71,7,1,1
BRDA:72,8,0,1
BRDA:72,8,1,0
BRDA:124,9,0,18
BRDA:124,9,1,16
BRDA:125,10,0,2
BRDA:125,10,1,16
BRDA:133,11,0,18
BRDA:133,11,1,18
BRDA:141,12,0,18
BRDA:141,12,1,0
BRDA:171,13,0,18
BRDA:171,13,1,0
BRF:28
BRH:20
end_of_record
TN:
SF:src/components/admin/devices/DevicesView.tsx
FN:34,deviceIcon
FN:42,relativeTime
FN:53,DevicesView
FN:58,(anonymous_3)
FN:68,(anonymous_4)
FN:72,handleRevoke
FN:81,(anonymous_6)
FN:81,(anonymous_7)
FN:82,(anonymous_8)
FN:91,handleRevokeOthers
FN:108,(anonymous_10)
FN:152,(anonymous_11)
FN:180,(anonymous_12)
FNF:13
FNH:13
FNDA:18,deviceIcon
FNDA:18,relativeTime
FNDA:16,DevicesView
FNDA:6,(anonymous_3)
FNDA:5,(anonymous_4)
FNDA:2,handleRevoke
FNDA:1,(anonymous_6)
FNDA:2,(anonymous_7)
FNDA:2,(anonymous_8)
FNDA:1,handleRevokeOthers
FNDA:18,(anonymous_10)
FNDA:18,(anonymous_11)
FNDA:2,(anonymous_12)
DA:35,18
DA:36,18
DA:37,10
DA:38,10
DA:39,0
DA:43,18
DA:44,18
DA:45,18
DA:46,0
DA:47,0
DA:48,0
DA:49,0
DA:50,0
DA:54,16
DA:55,16
DA:56,16
DA:58,16
DA:59,6
DA:60,6
DA:61,6
DA:62,6
DA:64,0
DA:68,16
DA:69,5
DA:73,2
DA:74,2
DA:75,2
DA:76,2
DA:77,1
DA:78,1
DA:80,1
DA:81,2
DA:82,2
DA:83,1
DA:85,0
DA:87,2
DA:92,1
DA:93,1
DA:94,1
DA:95,1
DA:96,0
DA:97,0
DA:99,1
DA:100,1
DA:102,0
DA:104,1
DA:108,18
DA:110,16
DA:153,18
DA:154,18
DA:180,2
LF:51
LH:40
BRDA:36,0,0,8
BRDA:36,0,1,10
BRDA:37,1,0,0
BRDA:37,1,1,10
BRDA:38,2,0,10
BRDA:38,2,1,0
BRDA:45,3,0,18
BRDA:45,3,1,0
BRDA:46,4,0,0
BRDA:46,4,1,0
BRDA:46,5,0,0
BRDA:46,5,1,0
BRDA:48,6,0,0
BRDA:48,6,1,0
BRDA:48,7,0,0
BRDA:48,7,1,0
BRDA:50,8,0,0
BRDA:50,8,1,0
BRDA:62,9,0,6
BRDA:62,9,1,0
BRDA:76,10,0,1
BRDA:76,10,1,1
BRDA:81,11,0,1
BRDA:81,11,1,0
BRDA:83,12,0,0
BRDA:83,12,1,1
BRDA:95,13,0,0
BRDA:95,13,1,1
BRDA:108,14,0,16
BRDA:108,14,1,5
BRDA:118,15,0,8
BRDA:118,15,1,8
BRDA:127,16,0,8
BRDA:127,16,1,0
BRDA:142,17,0,5
BRDA:142,17,1,11
BRDA:147,18,0,1
BRDA:147,18,1,10
BRDA:164,19,0,10
BRDA:164,19,1,8
BRDA:171,20,0,18
BRDA:171,20,1,0
BRDA:183,21,0,10
BRDA:183,21,1,8
BRF:44
BRH:25
end_of_record
TN:
SF:src/components/admin/settings/ChatSettingsTab.tsx
FN:21,ChatSettingsTab
FN:32,persist
FN:48,toggleNotification
FN:54,changeAvailability
FN:67,(anonymous_4)
FN:72,(anonymous_5)
FN:98,(anonymous_6)
FN:110,(anonymous_7)
FN:122,(anonymous_8)
FNF:9
FNH:7
FNDA:8,ChatSettingsTab
FNDA:2,persist
FNDA:1,toggleNotification
FNDA:1,changeAvailability
FNDA:1,(anonymous_4)
FNDA:32,(anonymous_5)
FNDA:0,(anonymous_6)
FNDA:1,(anonymous_7)
FNDA:0,(anonymous_8)
DA:14,2
DA:28,8
DA:29,8
DA:30,8
DA:33,2
DA:34,2
DA:35,2
DA:40,2
DA:42,0
DA:44,2
DA:49,1
DA:50,1
DA:51,1
DA:55,1
DA:56,1
DA:59,8
DA:67,1
DA:73,32
DA:98,0
DA:110,1
DA:122,0
LF:21
LH:18
BRDA:40,0,0,1
BRDA:40,0,1,1
BRF:2
BRH:2
end_of_record
TN:
SF:src/components/admin/settings/GeneralSettingsTab.tsx
FN:35,GeneralSettingsTab
FN:48,handleSave
FN:84,(anonymous_2)
FN:90,(anonymous_3)
FN:109,(anonymous_4)
FN:125,(anonymous_5)
FNF:6
FNH:6
FNDA:19,GeneralSettingsTab
FNDA:2,handleSave
FNDA:7,(anonymous_2)
FNDA:1,(anonymous_3)
FNDA:95,(anonymous_4)
FNDA:228,(anonymous_5)
DA:12,2
DA:27,2
DA:42,19
DA:43,19
DA:44,19
DA:45,19
DA:46,19
DA:49,2
DA:50,2
DA:51,2
DA:63,2
DA:64,1
DA:65,1
DA:67,1
DA:69,0
DA:71,2
DA:75,19
DA:84,7
DA:90,1
DA:110,95
DA:126,228
LF:21
LH:20
BRDA:63,0,0,1
BRDA:63,0,1,1
BRDA:63,1,0,2
BRDA:63,1,1,2
BRDA:135,2,0,19
BRDA:135,2,1,17
BRDA:136,3,0,2
BRDA:136,3,1,17
BRF:8
BRH:8
end_of_record
TN:
SF:src/components/admin/settings/SecuritySettingsTab.tsx
FN:46,PasswordField
FN:70,(anonymous_1)
FN:75,(anonymous_2)
FN:75,(anonymous_3)
FN:86,ChangePasswordCard
FN:91,handleSubmit
FN:146,ChangeEmailCard
FN:152,handleSubmit
FN:205,(anonymous_8)
FN:218,ActiveDevicesCard
FN:223,handleRevokeOthers
FN:276,(anonymous_11)
FN:284,RecentActivityCard
FN:287,(anonymous_13)
FN:290,(anonymous_14)
FN:291,(anonymous_15)
FN:294,(anonymous_16)
FN:297,(anonymous_17)
FN:315,(anonymous_18)
FN:331,SecuritySettingsTab
FNF:20
FNH:15
FNDA:154,PasswordField
FNDA:62,(anonymous_1)
FNDA:0,(anonymous_2)
FNDA:0,(anonymous_3)
FNDA:60,ChangePasswordCard
FNDA:2,handleSubmit
FNDA:35,ChangeEmailCard
FNDA:1,handleSubmit
FNDA:15,(anonymous_8)
FNDA:8,ActiveDevicesCard
FNDA:1,handleRevokeOthers
FNDA:0,(anonymous_11)
FNDA:12,RecentActivityCard
FNDA:6,(anonymous_13)
FNDA:6,(anonymous_14)
FNDA:6,(anonymous_15)
FNDA:0,(anonymous_16)
FNDA:6,(anonymous_17)
FNDA:0,(anonymous_18)
FNDA:6,SecuritySettingsTab
DA:33,2
DA:59,154
DA:60,154
DA:70,62
DA:75,0
DA:87,60
DA:88,60
DA:89,60
DA:92,2
DA:93,2
DA:94,2
DA:95,2
DA:100,2
DA:101,2
DA:102,1
DA:103,1
DA:105,1
DA:106,1
DA:107,1
DA:109,0
DA:111,2
DA:115,60
DA:147,35
DA:148,35
DA:149,35
DA:150,35
DA:153,1
DA:154,1
DA:155,1
DA:156,1
DA:161,1
DA:162,1
DA:163,0
DA:164,0
DA:166,1
DA:167,1
DA:168,1
DA:170,0
DA:172,1
DA:176,35
DA:205,15
DA:219,8
DA:220,8
DA:221,8
DA:224,1
DA:225,1
DA:226,1
DA:227,1
DA:228,0
DA:229,0
DA:231,1
DA:233,0
DA:235,1
DA:239,8
DA:276,0
DA:285,12
DA:287,12
DA:288,6
DA:289,6
DA:290,6
DA:292,6
DA:295,0
DA:297,6
DA:298,6
DA:302,12
DA:316,0
DA:332,6
LF:67
LH:56
BRDA:66,0,0,0
BRDA:66,0,1,154
BRDA:77,1,0,0
BRDA:77,1,1,154
BRDA:79,2,0,0
BRDA:79,2,1,154
BRDA:101,3,0,1
BRDA:101,3,1,1
BRDA:102,4,0,1
BRDA:102,4,1,0
BRDA:137,5,0,60
BRDA:137,5,1,58
BRDA:137,5,2,51
BRDA:138,6,0,2
BRDA:138,6,1,58
BRDA:162,7,0,0
BRDA:162,7,1,1
BRDA:163,8,0,0
BRDA:163,8,1,0
BRDA:166,9,0,1
BRDA:166,9,1,0
BRDA:183,10,0,1
BRDA:183,10,1,34
BRDA:208,11,0,34
BRDA:208,11,1,33
BRDA:208,11,2,27
BRDA:209,12,0,1
BRDA:209,12,1,33
BRDA:227,13,0,0
BRDA:227,13,1,1
BRDA:290,14,0,6
BRDA:290,14,1,0
BRDA:292,15,0,6
BRDA:292,15,1,0
BRDA:292,16,0,6
BRDA:292,16,1,0
BRDA:295,17,0,0
BRDA:295,17,1,0
BRDA:309,18,0,6
BRDA:309,18,1,6
BRDA:311,19,0,6
BRDA:311,19,1,0
BRDA:317,20,0,0
BRDA:317,20,1,0
BRDA:320,21,0,0
BRDA:320,21,1,0
BRF:46
BRH:27
end_of_record
TN:
SF:src/components/admin/settings/SettingsView.tsx
FN:15,SettingsView
FNF:1
FNH:1
FNDA:3,SettingsView
DA:26,3
LF:1
LH:1
BRF:0
BRH:0
end_of_record
TN:
SF:src/components/auth/ForgotPasswordForm.tsx
FN:13,ForgotPasswordForm
FN:20,handleSubmit
FN:86,(anonymous_2)
FNF:3
FNH:3
FNDA:67,ForgotPasswordForm
FNDA:3,handleSubmit
FNDA:57,(anonymous_2)
DA:14,67
DA:15,67
DA:16,67
DA:17,67
DA:18,67
DA:21,3
DA:22,3
DA:23,3
DA:25,3
DA:26,3
DA:31,2
DA:32,2
DA:33,1
DA:34,1
DA:38,1
DA:40,1
DA:42,3
DA:46,67
DA:47,1
DA:64,66
DA:86,57
LF:21
LH:21
BRDA:32,0,0,1
BRDA:32,0,1,1
BRDA:33,1,0,1
BRDA:33,1,1,0
BRDA:46,2,0,1
BRDA:46,2,1,66
BRDA:72,3,0,2
BRDA:72,3,1,64
BRDA:91,4,0,3
BRDA:91,4,1,63
BRDA:92,5,0,3
BRDA:92,5,1,63
BRF:12
BRH:11
end_of_record
TN:
SF:src/components/auth/ResetPasswordForm.tsx
FN:16,(anonymous_0)
FN:17,(anonymous_1)
FN:18,(anonymous_2)
FN:19,(anonymous_3)
FN:20,(anonymous_4)
FN:23,ResetPasswordForm
FN:35,(anonymous_6)
FN:35,(anonymous_7)
FN:36,(anonymous_8)
FN:39,handleSubmit
FN:120,(anonymous_10)
FN:125,(anonymous_11)
FN:125,(anonymous_12)
FN:133,(anonymous_13)
FN:153,(anonymous_14)
FNF:15
FNH:15
FNDA:51,(anonymous_0)
FNDA:51,(anonymous_1)
FNDA:51,(anonymous_2)
FNDA:51,(anonymous_3)
FNDA:51,(anonymous_4)
FNDA:100,ResetPasswordForm
FNDA:51,(anonymous_6)
FNDA:255,(anonymous_7)
FNDA:364,(anonymous_8)
FNDA:2,handleSubmit
FNDA:45,(anonymous_10)
FNDA:1,(anonymous_11)
FNDA:1,(anonymous_12)
FNDA:490,(anonymous_13)
FNDA:44,(anonymous_14)
DA:15,1
DA:16,51
DA:17,51
DA:18,51
DA:19,51
DA:20,51
DA:24,100
DA:25,100
DA:26,100
DA:28,100
DA:29,100
DA:30,100
DA:31,100
DA:32,100
DA:33,100
DA:35,255
DA:36,364
DA:37,100
DA:40,2
DA:41,2
DA:43,2
DA:44,2
DA:46,2
DA:47,2
DA:52,2
DA:53,2
DA:54,1
DA:55,1
DA:57,1
DA:59,0
DA:61,2
DA:65,100
DA:66,1
DA:80,99
DA:81,1
DA:97,98
DA:120,45
DA:125,1
DA:134,490
DA:153,44
LF:40
LH:39
BRDA:26,0,0,100
BRDA:26,0,1,1
BRDA:37,1,0,100
BRDA:37,1,1,93
BRDA:41,2,0,0
BRDA:41,2,1,2
BRDA:41,3,0,2
BRDA:41,3,1,2
BRDA:41,3,2,2
BRDA:53,4,0,1
BRDA:53,4,1,1
BRDA:54,5,0,1
BRDA:54,5,1,0
BRDA:65,6,0,1
BRDA:65,6,1,99
BRDA:80,7,0,1
BRDA:80,7,1,98
BRDA:105,8,0,1
BRDA:105,8,1,97
BRDA:116,9,0,1
BRDA:116,9,1,97
BRDA:127,10,0,1
BRDA:127,10,1,97
BRDA:129,11,0,1
BRDA:129,11,1,97
BRDA:136,12,0,403
BRDA:136,12,1,87
BRDA:138,13,0,403
BRDA:138,13,1,87
BRDA:149,14,0,1
BRDA:149,14,1,97
BRDA:154,15,0,98
BRDA:154,15,1,47
BRDA:156,16,0,42
BRDA:156,16,1,56
BRDA:156,17,0,98
BRDA:156,17,1,47
BRDA:161,18,0,98
BRDA:161,18,1,96
BRDA:161,18,2,63
BRDA:162,19,0,2
BRDA:162,19,1,96
BRDA:163,20,0,2
BRDA:163,20,1,96
BRF:44
BRH:42
end_of_record
TN:
SF:src/components/auth/SignInForm.tsx
FN:15,SignInForm
FN:26,handleSubmit
FN:79,(anonymous_2)
FN:107,(anonymous_3)
FN:113,(anonymous_4)
FN:113,(anonymous_5)
FN:123,(anonymous_6)
FNF:7
FNH:6
FNDA:172,SignInForm
FNDA:5,handleSubmit
FNDA:61,(anonymous_2)
FNDA:92,(anonymous_3)
FNDA:2,(anonymous_4)
FNDA:2,(anonymous_5)
FNDA:0,(anonymous_6)
DA:16,172
DA:17,172
DA:18,172
DA:19,172
DA:20,172
DA:21,172
DA:22,172
DA:23,172
DA:24,172
DA:27,5
DA:28,5
DA:29,5
DA:30,5
DA:32,5
DA:33,5
DA:38,5
DA:40,5
DA:41,1
DA:42,1
DA:43,1
DA:46,4
DA:47,4
DA:48,4
DA:49,4
DA:51,0
DA:53,5
DA:57,172
DA:79,61
DA:107,92
DA:113,2
DA:123,0
LF:31
LH:29
BRDA:40,0,0,1
BRDA:40,0,1,4
BRDA:41,1,0,1
BRDA:41,1,1,0
BRDA:42,2,0,1
BRDA:42,2,1,0
BRDA:47,3,0,4
BRDA:47,3,1,3
BRDA:65,4,0,1
BRDA:65,4,1,171
BRDA:81,5,0,1
BRDA:81,5,1,171
BRDA:83,6,0,1
BRDA:83,6,1,171
BRDA:103,7,0,1
BRDA:103,7,1,171
BRDA:109,8,0,172
BRDA:109,8,1,172
BRDA:115,9,0,1
BRDA:115,9,1,171
BRDA:117,10,0,1
BRDA:117,10,1,171
BRDA:130,11,0,5
BRDA:130,11,1,167
BRDA:131,12,0,5
BRDA:131,12,1,167
BRF:26
BRH:24
end_of_record
TN:
SF:src/components/auth/VerifyEmailChangeView.tsx
FN:13,VerifyEmailChangeView
FN:20,(anonymous_1)
FN:27,(anonymous_2)
FN:52,(anonymous_3)
FNF:4
FNH:4
FNDA:11,VerifyEmailChangeView
FNDA:6,(anonymous_1)
FNDA:5,(anonymous_2)
FNDA:5,(anonymous_3)
DA:14,11
DA:15,11
DA:16,11
DA:17,11
DA:18,11
DA:20,11
DA:21,6
DA:22,1
DA:23,1
DA:26,5
DA:27,5
DA:28,5
DA:29,5
DA:34,3
DA:35,3
DA:37,3
DA:38,1
DA:39,1
DA:42,2
DA:43,2
DA:44,1
DA:45,0
DA:46,0
DA:48,1
DA:52,5
DA:53,5
DA:57,11
DA:90,11
DA:92,11
LF:29
LH:27
BRDA:16,0,0,11
BRDA:16,0,1,2
BRDA:21,1,0,1
BRDA:21,1,1,5
BRDA:35,2,0,0
BRDA:35,2,1,3
BRDA:37,3,0,1
BRDA:37,3,1,2
BRDA:42,4,0,2
BRDA:42,4,1,0
BRDA:43,5,0,1
BRDA:43,5,1,1
BRDA:44,6,0,1
BRDA:44,6,1,0
BRDA:45,7,0,0
BRDA:45,7,1,0
BRDA:48,8,0,1
BRDA:48,8,1,0
BRDA:71,9,0,11
BRDA:71,9,1,9
BRDA:76,10,0,11
BRDA:76,10,1,9
BRDA:81,11,0,11
BRDA:81,11,1,9
BRDA:86,12,0,11
BRDA:86,12,1,9
BRDA:98,13,0,5
BRDA:98,13,1,6
BRDA:103,14,0,1
BRDA:103,14,1,10
BRF:30
BRH:24
end_of_record
TN:
SF:src/lib/liveChatAuth.ts
FN:5,sign
FN:19,createLiveChatToken
FN:25,verifyLiveChatToken
FNF:3
FNH:3
FNDA:47,sign
FNDA:22,createLiveChatToken
FNDA:28,verifyLiveChatToken
DA:3,3
DA:6,47
DA:20,22
DA:21,22
DA:22,22
DA:26,28
DA:27,28
DA:29,25
DA:31,25
DA:32,25
DA:34,0
DA:37,25
DA:38,25
DA:39,25
DA:40,25
DA:41,3
DA:44,22
DA:45,22
DA:46,22
DA:47,22
DA:48,22
DA:50,20
DA:51,20
DA:52,20
DA:53,8
DA:54,0
DA:56,0
LF:27
LH:24
BRDA:27,0,0,3
BRDA:27,0,1,25
BRDA:40,1,0,3
BRDA:40,1,1,22
BRDA:40,2,0,25
BRDA:40,2,1,25
BRDA:45,3,0,0
BRDA:45,3,1,22
BRDA:48,4,0,2
BRDA:48,4,1,20
BRDA:48,5,0,22
BRDA:48,5,1,22
BRDA:52,6,0,12
BRDA:52,6,1,8
BRDA:52,7,0,20
BRDA:52,7,1,12
BRDA:52,7,2,12
BRDA:53,8,0,8
BRDA:53,8,1,0
BRDA:53,9,0,8
BRDA:53,9,1,8
BRF:21
BRH:19
end_of_record
TN:
SF:src/lib/auth/apiError.ts
FN:12,apiError
FN:17,validationError
FNF:2
FNH:2
FNDA:40,apiError
FNDA:11,validationError
DA:13,40
DA:14,40
DA:18,11
DA:19,11
DA:20,20
DA:21,20
DA:23,11
LF:7
LH:7
BRDA:13,0,0,17
BRDA:13,0,1,23
BRDA:20,1,0,20
BRDA:20,1,1,3
BRDA:21,2,0,13
BRDA:21,2,1,7
BRF:6
BRH:6
end_of_record
TN:
SF:src/lib/auth/cookies.ts
FN:8,baseCookieOptions
FN:17,setAccessCookie
FN:21,setRefreshCookie
FN:29,setDeviceCookie
FN:39,clearAuthCookies
FNF:5
FNH:5
FNDA:22,baseCookieOptions
FNDA:4,setAccessCookie
FNDA:4,setRefreshCookie
FNDA:3,setDeviceCookie
FNDA:7,clearAuthCookies
DA:4,26
DA:5,26
DA:6,26
DA:9,22
DA:18,4
DA:22,4
DA:30,3
DA:40,7
DA:41,7
LF:9
LH:9
BRF:0
BRH:0
end_of_record
TN:
SF:src/lib/auth/device.ts
FN:16,parseDeviceInfo
FN:48,generateDeviceId
FN:52,extractClientIp
FNF:3
FNH:3
FNDA:14,parseDeviceInfo
FNDA:21,generateDeviceId
FNDA:38,extractClientIp
DA:17,14
DA:18,4
DA:21,10
DA:22,10
DA:24,10
DA:25,10
DA:26,10
DA:27,10
DA:28,10
DA:30,10
DA:31,10
DA:32,6
DA:33,6
DA:34,5
DA:36,10
DA:40,10
DA:49,21
DA:53,38
DA:54,38
DA:55,13
LF:20
LH:20
BRDA:17,0,0,4
BRDA:17,0,1,10
BRDA:24,1,0,10
BRDA:24,1,1,2
BRDA:25,2,0,7
BRDA:25,2,1,3
BRDA:26,3,0,10
BRDA:26,3,1,2
BRDA:31,4,0,4
BRDA:31,4,1,6
BRDA:32,5,0,0
BRDA:32,5,1,6
BRDA:33,6,0,1
BRDA:33,6,1,5
BRDA:34,7,0,0
BRDA:34,7,1,5
BRDA:36,8,0,4
BRDA:36,8,1,6
BRDA:36,9,0,10
BRDA:36,9,1,4
BRDA:38,10,0,6
BRDA:38,10,1,6
BRDA:42,11,0,10
BRDA:42,11,1,0
BRDA:54,12,0,25
BRDA:54,12,1,13
BRF:26
BRH:23
end_of_record
TN:
SF:src/lib/auth/env.ts
FN:1,required
FN:7,getAccessTokenSecret
FN:11,getRefreshTokenPepper
FN:21,isProduction
FNF:4
FNH:4
FNDA:139,required
FNDA:137,getAccessTokenSecret
FNDA:2,getRefreshTokenPepper
FNDA:27,isProduction
DA:2,139
DA:3,139
DA:4,137
DA:8,137
DA:12,2
DA:15,42
DA:16,42
DA:17,42
DA:18,42
DA:19,42
DA:22,27
LF:11
LH:11
BRDA:3,0,0,2
BRDA:3,0,1,137
BRF:2
BRH:2
end_of_record
TN:
SF:src/lib/auth/guard.ts
FN:18,toAdminSession
FN:36,getAdminSession
FN:69,hasTrustedOrigin
FN:86,requireAdminApi
FN:117,requireRole
FNF:5
FNH:5
FNDA:43,toAdminSession
FNDA:22,getAdminSession
FNDA:43,hasTrustedOrigin
FNDA:72,requireAdminApi
FNDA:2,requireRole
DA:19,43
DA:37,22
DA:38,22
DA:39,22
DA:41,10
DA:42,10
DA:44,9
DA:49,9
DA:50,7
DA:52,3
DA:59,21
DA:70,43
DA:71,43
DA:72,43
DA:73,12
DA:74,12
DA:76,0
DA:87,72
DA:88,7
DA:91,65
DA:92,65
DA:93,65
DA:94,19
DA:97,46
DA:98,46
DA:99,1
DA:102,45
DA:107,45
DA:108,2
DA:110,43
DA:111,3
DA:114,40
DA:118,2
LF:33
LH:32
BRDA:39,0,0,12
BRDA:39,0,1,10
BRDA:42,1,0,1
BRDA:42,1,1,9
BRDA:49,2,0,2
BRDA:49,2,1,7
BRDA:49,3,0,9
BRDA:49,3,1,8
BRDA:50,4,0,4
BRDA:50,4,1,3
BRDA:50,5,0,7
BRDA:50,5,1,6
BRDA:50,5,2,4
BRDA:72,6,0,31
BRDA:72,6,1,12
BRDA:72,7,0,43
BRDA:72,7,1,12
BRDA:87,8,0,7
BRDA:87,8,1,65
BRDA:87,9,0,72
BRDA:87,9,1,31
BRDA:87,9,2,31
BRDA:93,10,0,19
BRDA:93,10,1,46
BRDA:98,11,0,1
BRDA:98,11,1,45
BRDA:107,12,0,2
BRDA:107,12,1,43
BRDA:107,13,0,45
BRDA:107,13,1,44
BRDA:110,14,0,3
BRDA:110,14,1,40
BRDA:110,15,0,43
BRDA:110,15,1,43
BRDA:110,15,2,41
BRF:35
BRH:35
end_of_record
TN:
SF:src/lib/auth/passwords.ts
FN:5,hashPassword
FN:9,verifyPassword
FN:19,checkPasswordStrength
FNF:3
FNH:3
FNDA:7,hashPassword
FNDA:13,verifyPassword
FNDA:6,checkPasswordStrength
DA:3,33
DA:6,7
DA:10,13
DA:20,6
DA:21,6
DA:22,6
DA:23,6
DA:24,6
DA:25,6
DA:26,6
LF:10
LH:10
BRDA:21,0,0,1
BRDA:21,0,1,5
BRDA:22,1,0,1
BRDA:22,1,1,5
BRDA:23,2,0,1
BRDA:23,2,1,5
BRDA:24,3,0,1
BRDA:24,3,1,5
BRDA:25,4,0,1
BRDA:25,4,1,5
BRF:10
BRH:10
end_of_record
TN:
SF:src/lib/auth/rateLimit.ts
FN:17,checkRateLimit
FNF:1
FNH:1
FNDA:60,checkRateLimit
DA:3,4
DA:18,60
DA:19,60
DA:21,60
DA:22,55
DA:23,55
DA:24,27
DA:25,27
DA:27,28
DA:28,28
DA:29,28
DA:36,5
DA:37,5
DA:38,5
DA:39,3
DA:41,5
DA:42,5
LF:17
LH:17
BRDA:21,0,0,55
BRDA:21,0,1,5
BRDA:23,1,0,27
BRDA:23,1,1,28
BRDA:23,2,0,55
BRDA:23,2,1,28
BRDA:38,3,0,3
BRDA:38,3,1,2
BRDA:45,4,0,4
BRDA:45,4,1,1
BRF:10
BRH:10
end_of_record
TN:
SF:src/lib/auth/securityEvents.ts
FN:4,logSecurityEvent
FNF:1
FNH:1
FNDA:14,logSecurityEvent
DA:12,14
LF:1
LH:1
BRDA:16,0,0,14
BRDA:16,0,1,5
BRDA:17,1,0,14
BRDA:17,1,1,7
BRDA:18,2,0,14
BRDA:18,2,1,13
BRDA:19,3,0,14
BRDA:19,3,1,11
BRF:8
BRH:8
end_of_record
TN:
SF:src/lib/auth/session.ts
FN:23,contextFromRequest
FN:31,createSession
FN:69,rotateSession
FN:100,findActiveSessionByRefreshToken
FN:108,revokeSession
FN:115,revokeAllSessionsForUser
FNF:6
FNH:6
FNDA:6,contextFromRequest
FNDA:4,createSession
FNDA:5,rotateSession
FNDA:9,findActiveSessionByRefreshToken
FNDA:4,revokeSession
FNDA:6,revokeAllSessionsForUser
DA:24,6
DA:36,4
DA:40,4
DA:41,4
DA:42,4
DA:44,4
DA:59,4
DA:66,4
DA:73,5
DA:74,5
DA:76,2
DA:77,2
DA:78,2
DA:80,2
DA:90,2
DA:97,2
DA:101,9
DA:102,9
DA:103,6
DA:104,5
DA:105,4
DA:109,4
DA:116,6
LF:23
LH:23
BRDA:27,0,0,6
BRDA:27,0,1,3
BRDA:36,1,0,1
BRDA:36,1,1,3
BRDA:42,2,0,4
BRDA:42,2,1,1
BRDA:74,3,0,3
BRDA:74,3,1,2
BRDA:74,4,0,5
BRDA:74,4,1,4
BRDA:85,5,0,2
BRDA:85,5,1,1
BRDA:86,6,0,2
BRDA:86,6,1,1
BRDA:102,7,0,3
BRDA:102,7,1,6
BRDA:103,8,0,1
BRDA:103,8,1,5
BRDA:104,9,0,1
BRDA:104,9,1,4
BRDA:117,10,0,3
BRDA:117,10,1,3
BRF:22
BRH:22
end_of_record
TN:
SF:src/lib/auth/tokens.ts
FN:13,accessSecretKey
FN:17,signAccessToken
FN:25,verifyAccessToken
FN:36,generateOpaqueToken
FN:40,hashToken
FNF:5
FNH:5
FNDA:135,accessSecretKey
FNDA:68,signAccessToken
FNDA:67,verifyAccessToken
FNDA:28,generateOpaqueToken
FNDA:113,hashToken
DA:14,135
DA:18,68
DA:26,67
DA:27,67
DA:28,59
DA:29,58
DA:31,8
DA:37,28
DA:41,113
LF:9
LH:9
BRDA:28,0,0,1
BRDA:28,0,1,58
BRDA:28,1,0,59
BRDA:28,1,1,58
BRF:4
BRH:4
end_of_record
TN:
SF:src/lib/auth/validation.ts
FN:20,(anonymous_0)
FN:21,(anonymous_1)
FN:22,(anonymous_2)
FN:23,(anonymous_3)
FNF:4
FNH:4
FNDA:14,(anonymous_0)
FNDA:14,(anonymous_1)
FNDA:14,(anonymous_2)
FNDA:14,(anonymous_3)
DA:3,10
DA:4,10
DA:6,10
DA:12,10
DA:16,10
DA:20,14
DA:21,14
DA:22,14
DA:23,14
DA:25,10
DA:30,10
DA:35,10
DA:40,10
DA:44,10
DA:48,10
DA:53,10
LF:16
LH:16
BRF:0
BRH:0
end_of_record
TN:
SF:src/lib/chat/constants.ts
FNF:0
FNH:0
DA:1,10
DA:3,10
DA:4,10
DA:6,10
DA:9,10
DA:11,10
DA:12,10
DA:14,10
LF:8
LH:8
BRF:0
BRH:0
end_of_record
TN:
SF:src/lib/chat/create-conversation.ts
FN:6,findOrCreateConversation
FNF:1
FNH:1
FNDA:5,findOrCreateConversation
DA:10,5
DA:15,5
DA:17,3
DA:26,3
LF:4
LH:4
BRDA:15,0,0,2
BRDA:15,0,1,3
BRF:2
BRH:2
end_of_record
TN:
SF:src/lib/chat/get-conversations.ts
FN:11,getConversations
FN:36,getConversationById
FNF:2
FNH:2
FNDA:5,getConversations
FNDA:20,getConversationById
DA:16,5
DA:33,5
DA:37,20
DA:38,20
LF:4
LH:4
BRDA:11,0,0,2
BRDA:14,1,0,5
BRDA:18,2,0,2
BRDA:18,2,1,3
BRDA:19,3,0,2
BRDA:19,3,1,3
BRDA:38,4,0,17
BRDA:38,4,1,3
BRF:8
BRH:8
end_of_record
TN:
SF:src/lib/chat/get-messages.ts
FN:5,getMessages
FNF:1
FNH:1
FNDA:6,getMessages
DA:6,6
DA:12,6
LF:2
LH:2
BRDA:5,0,0,5
BRF:1
BRH:1
end_of_record
TN:
SF:src/lib/chat/helpers.ts
FN:5,formatChatDate
FN:14,getMessagePreview
FN:19,normalizeEmail
FNF:3
FNH:0
FNDA:0,formatChatDate
FNDA:0,getMessagePreview
FNDA:0,normalizeEmail
DA:3,0
DA:6,0
DA:7,0
DA:8,0
DA:9,0
DA:15,0
DA:16,0
DA:20,0
LF:8
LH:0
BRDA:6,0,0,0
BRDA:6,0,1,0
BRDA:7,1,0,0
BRDA:7,1,1,0
BRDA:9,2,0,0
BRDA:9,2,1,0
BRDA:14,3,0,0
BRDA:16,4,0,0
BRDA:16,4,1,0
BRF:9
BRH:0
end_of_record
TN:
SF:src/lib/chat/mark-as-read.ts
FN:7,markAsRead
FNF:1
FNH:1
FNDA:8,markAsRead
DA:8,8
DA:10,8
LF:2
LH:2
BRDA:8,0,0,4
BRDA:8,0,1,4
BRDA:17,1,0,4
BRDA:17,1,1,4
BRF:4
BRH:4
end_of_record
TN:
SF:src/lib/chat/permissions.ts
FN:11,isAdmin
FN:21,canAccessConversation
FN:33,canSendAdminMessage
FN:37,canSendCandidateMessage
FNF:4
FNH:4
FNDA:13,isAdmin
FNDA:12,canAccessConversation
FNDA:2,canSendAdminMessage
FNDA:4,canSendCandidateMessage
DA:12,13
DA:25,12
DA:26,12
DA:28,10
DA:29,8
DA:30,5
DA:34,2
DA:41,4
LF:8
LH:8
BRDA:26,0,0,2
BRDA:26,0,1,10
BRDA:28,1,0,2
BRDA:28,1,1,8
BRDA:29,2,0,3
BRDA:29,2,1,5
BRDA:29,3,0,8
BRDA:29,3,1,6
BRDA:41,4,0,4
BRDA:41,4,1,3
BRDA:41,4,2,2
BRF:11
BRH:11
end_of_record
TN:
SF:src/lib/chat/send-message.ts
FN:12,sendMessage
FNF:1
FNH:1
FNDA:14,sendMessage
DA:18,14
DA:41,14
LF:2
LH:2
BRDA:32,0,0,8
BRDA:32,0,1,6
BRDA:34,1,0,4
BRDA:34,1,1,2
BRF:4
BRH:4
end_of_record
TN:
SF:src/lib/chat/update-conversation.ts
FN:11,updateConversation
FNF:1
FNH:1
FNDA:6,updateConversation
DA:15,6
DA:24,6
LF:2
LH:2
BRDA:18,0,0,2
BRDA:18,0,1,4
BRF:2
BRH:2
end_of_record
TN:
SF:src/lib/chat/update-presence.ts
FNF:0
FNH:0
DA:11,3
LF:1
LH:1
BRF:0
BRH:0
end_of_record
TN:
SF:src/lib/chat/validation.ts
FN:60,safeParse
FNF:1
FNH:1
FNDA:48,safeParse
DA:5,8
DA:10,8
DA:15,8
DA:21,8
DA:23,8
DA:29,8
DA:35,8
DA:39,8
DA:43,8
DA:48,8
DA:52,8
DA:54,8
DA:61,48
DA:62,48
LF:14
LH:14
BRDA:62,0,0,37
BRDA:62,0,1,11
BRF:2
BRH:2
end_of_record
TN:
SF:src/lib/database/db.ts
FNF:0
FNH:0
DA:3,2
DA:6,2
DA:11,2
DA:12,2
LF:4
LH:4
BRDA:6,0,0,2
BRDA:6,0,1,1
BRDA:8,1,0,0
BRDA:8,1,1,1
BRDA:11,2,0,2
BRDA:11,2,1,0
BRF:6
BRH:4
end_of_record
TN:
SF:src/lib/database/queries.ts
FN:5,toConversation
FN:24,toMessage
FNF:2
FNH:2
FNDA:30,toConversation
FNDA:19,toMessage
DA:8,30
DA:25,19
LF:2
LH:2
BRDA:17,0,0,30
BRDA:17,0,1,0
BRDA:18,1,0,30
BRDA:18,1,1,29
BRDA:29,2,0,19
BRDA:29,2,1,19
BRF:6
BRH:5
end_of_record
TN:
SF:src/lib/socket/client.ts
FN:13,createSocket
FN:17,(anonymous_1)
FN:19,(anonymous_2)
FN:20,(anonymous_3)
FNF:4
FNH:4
FNDA:3,createSocket
FNDA:2,(anonymous_1)
FNDA:1,(anonymous_2)
FNDA:1,(anonymous_3)
DA:4,1
DA:14,3
DA:18,2
DA:19,1
DA:20,1
LF:5
LH:5
BRDA:4,0,0,1
BRDA:4,0,1,1
BRF:2
BRH:2
end_of_record
TN:
SF:src/lib/socket/errors.ts
FN:10,(anonymous_0)
FN:25,(anonymous_1)
FNF:2
FNH:2
FNDA:2,(anonymous_0)
FNDA:2,(anonymous_1)
DA:11,2
DA:12,2
DA:26,2
DA:27,2
LF:4
LH:4
BRF:0
BRH:0
end_of_record
TN:
SF:src/lib/socket/events.ts
FNF:0
FNH:0
DA:1,1
LF:1
LH:1
BRF:0
BRH:0
end_of_record
TN:
SF:src/lib/socket/rooms.ts
FN:1,getConversationRoom
FNF:1
FNH:1
FNDA:22,getConversationRoom
DA:2,22
DA:6,1
LF:2
LH:2
BRF:0
BRH:0
end_of_record
TN:
SF:src/lib/socket/server.ts
FN:32,attachChatHandlers
FN:38,(anonymous_1)
FN:56,(anonymous_2)
FN:61,handleConnection
FN:66,(anonymous_4)
FN:72,(anonymous_5)
FN:75,(anonymous_6)
FN:90,(anonymous_7)
FN:99,(anonymous_8)
FN:106,(anonymous_9)
FN:113,(anonymous_10)
FN:119,(anonymous_11)
FN:125,(anonymous_12)
FN:135,(anonymous_13)
FN:141,handleIncomingMessage
FN:175,handleAdminReply
FN:195,sendBotReply
FN:202,(anonymous_17)
FN:214,broadcastTyping
FN:223,handleDisconnect
FNF:20
FNH:18
FNDA:1,attachChatHandlers
FNDA:18,(anonymous_1)
FNDA:16,(anonymous_2)
FNDA:16,handleConnection
FNDA:0,(anonymous_4)
FNDA:0,(anonymous_5)
FNDA:16,(anonymous_6)
FNDA:3,(anonymous_7)
FNDA:5,(anonymous_8)
FNDA:2,(anonymous_9)
FNDA:1,(anonymous_10)
FNDA:1,(anonymous_11)
FNDA:2,(anonymous_12)
FNDA:16,(anonymous_13)
FNDA:5,handleIncomingMessage
FNDA:2,handleAdminReply
FNDA:1,sendBotReply
FNDA:1,(anonymous_17)
FNDA:2,broadcastTyping
FNDA:16,handleDisconnect
DA:33,1
DA:34,1
DA:35,0
DA:38,1
DA:39,18
DA:40,18
DA:42,18
DA:43,18
DA:45,16
DA:46,10
DA:47,10
DA:48,10
DA:50,6
DA:51,6
DA:53,16
DA:56,1
DA:57,16
DA:62,16
DA:66,16
DA:67,0
DA:72,0
DA:74,16
DA:75,16
DA:77,16
DA:78,6
DA:79,6
DA:80,6
DA:81,10
DA:82,10
DA:83,10
DA:84,10
DA:86,10
DA:87,10
DA:90,16
DA:91,3
DA:92,3
DA:93,3
DA:95,3
DA:96,2
DA:99,16
DA:100,5
DA:101,5
DA:102,5
DA:103,5
DA:106,16
DA:107,2
DA:108,2
DA:109,2
DA:110,2
DA:113,16
DA:114,1
DA:115,1
DA:116,1
DA:119,16
DA:120,1
DA:121,1
DA:122,1
DA:125,16
DA:126,2
DA:127,2
DA:128,2
DA:129,2
DA:130,2
DA:131,2
DA:135,16
DA:136,16
DA:137,16
DA:148,5
DA:149,5
DA:151,5
DA:152,5
DA:154,5
DA:161,5
DA:162,5
DA:164,5
DA:165,5
DA:166,5
DA:168,5
DA:169,5
DA:170,1
DA:171,1
DA:176,2
DA:177,2
DA:179,2
DA:186,2
DA:188,2
DA:189,2
DA:190,2
DA:196,1
DA:197,1
DA:199,1
DA:200,1
DA:201,1
DA:202,1
DA:204,1
DA:210,1
DA:211,1
DA:215,2
DA:216,2
DA:224,16
DA:225,6
DA:226,6
DA:227,6
DA:228,6
DA:231,10
DA:232,10
DA:233,10
LF:107
LH:104
BRDA:34,0,0,0
BRDA:34,0,1,1
BRDA:40,1,0,0
BRDA:40,1,1,18
BRDA:43,2,0,2
BRDA:43,2,1,16
BRDA:45,3,0,10
BRDA:45,3,1,6
BRDA:67,4,0,0
BRDA:67,4,1,0
BRDA:67,5,0,0
BRDA:67,5,1,0
BRDA:69,6,0,0
BRDA:69,6,1,0
BRDA:77,7,0,6
BRDA:77,7,1,10
BRDA:77,8,0,16
BRDA:77,8,1,6
BRDA:81,9,0,10
BRDA:81,9,1,0
BRDA:81,10,0,10
BRDA:81,10,1,10
BRDA:81,10,2,10
BRDA:84,11,0,9
BRDA:84,11,1,1
BRDA:92,12,0,0
BRDA:92,12,1,3
BRDA:95,13,0,1
BRDA:95,13,1,2
BRDA:95,14,0,3
BRDA:95,14,1,1
BRDA:101,15,0,0
BRDA:101,15,1,5
BRDA:102,16,0,0
BRDA:102,16,1,5
BRDA:102,17,0,5
BRDA:102,17,1,5
BRDA:108,18,0,0
BRDA:108,18,1,2
BRDA:109,19,0,0
BRDA:109,19,1,2
BRDA:109,20,0,2
BRDA:109,20,1,2
BRDA:115,21,0,0
BRDA:115,21,1,1
BRDA:121,22,0,0
BRDA:121,22,1,1
BRDA:127,23,0,0
BRDA:127,23,1,2
BRDA:130,24,0,2
BRDA:130,24,1,0
BRDA:149,25,0,0
BRDA:149,25,1,5
BRDA:151,26,0,5
BRDA:151,26,1,0
BRDA:152,27,0,0
BRDA:152,27,1,5
BRDA:165,28,0,0
BRDA:165,28,1,5
BRDA:169,29,0,1
BRDA:169,29,1,4
BRDA:177,30,0,0
BRDA:177,30,1,2
BRDA:189,31,0,2
BRDA:189,31,1,0
BRDA:215,32,0,1
BRDA:215,32,1,1
BRDA:224,33,0,6
BRDA:224,33,1,10
BRDA:224,34,0,16
BRDA:224,34,1,6
BRDA:227,35,0,0
BRDA:227,35,1,6
BRDA:231,36,0,10
BRDA:231,36,1,0
BRDA:231,37,0,10
BRDA:231,37,1,10
BRF:77
BRH:51
end_of_record
